17-12-2012 12:59:49 - 404 - not found /
17-12-2012 13:00:23 - 404 - not found /
17-12-2012 13:00:29 - 404 - not found /
17-12-2012 13:00:29 - 404 - not found /unexistent
17-12-2012 13:00:30 - 404 - not found /
17-12-2012 13:00:38 - SQLSTATE[HY000] [1049] Unknown database 'magelight'
17-12-2012 13:00:43 - 404 - not found /
17-12-2012 19:57:12 - 404 - not found /
17-12-2012 19:57:17 - 404 - not found /
17-12-2012 19:57:18 - 404 - not found /
19-12-2012 12:32:46 - 404 - not found /
19-12-2012 12:32:48 - 404 - not found /
19-12-2012 12:32:49 - 404 - not found /
19-12-2012 12:32:49 - 404 - not found /
19-12-2012 12:33:30 - 404 - not found /
19-12-2012 12:33:33 - 404 - not found /
19-12-2012 12:33:33 - 404 - not found /
19-12-2012 12:33:33 - 404 - not found /
19-12-2012 12:33:34 - 404 - not found /
19-12-2012 12:33:34 - 404 - not found /
19-12-2012 12:33:34 - 404 - not found /
19-12-2012 12:33:35 - 404 - not found /
19-12-2012 12:33:37 - 404 - not found /
19-12-2012 12:33:41 - 404 - not found /
19-12-2012 12:33:41 - 404 - not found /
19-12-2012 12:33:42 - 404 - not found /unexistent
19-12-2012 12:33:43 - 404 - not found /
19-12-2012 12:33:45 - SQLSTATE[HY000] [1049] Unknown database 'magelight'
19-12-2012 12:33:48 - 404 - not found /
19-12-2012 12:33:48 - 404 - not found /
19-12-2012 12:35:15 - 404 - not found /
19-12-2012 12:35:16 - 404 - not found /
19-12-2012 12:35:16 - 404 - not found /
19-12-2012 12:35:16 - 404 - not found /
19-12-2012 12:35:17 - 404 - not found /
19-12-2012 12:35:20 - 404 - not found /
19-12-2012 12:35:38 - 404 - not found /
19-12-2012 12:35:39 - 404 - not found /
19-12-2012 12:36:13 - 404 - not found /
19-12-2012 12:36:16 - 404 - not found /
19-12-2012 12:36:32 - 404 - not found /
19-12-2012 12:36:47 - 404 - not found /
19-12-2012 12:36:48 - 404 - not found /
19-12-2012 12:37:43 - 404 - not found /
19-12-2012 12:37:44 - 404 - not found /
19-12-2012 12:38:20 - 404 - not found /
19-12-2012 12:38:21 - 404 - not found /
19-12-2012 12:39:26 - 404 - not found /
19-12-2012 12:42:07 - 404 - not found /
19-12-2012 12:42:08 - 404 - not found /
19-12-2012 12:42:32 - 404 - not found /unexistent
19-12-2012 12:42:34 - SQLSTATE[HY000] [1049] Unknown database 'magelight'
19-12-2012 12:42:36 - 404 - not found /unexistent
19-12-2012 12:42:37 - SQLSTATE[HY000] [1049] Unknown database 'magelight'
19-12-2012 12:42:38 - 404 - not found /unexistent
19-12-2012 12:42:39 - 404 - not found /unexistent
19-12-2012 13:04:43 - To use reCAPTCHA you must get an API key from
                <a href="https://www.google.com/recaptcha/admin/create">
                    https://www.google.com/recaptcha/admin/create
                </a>
19-12-2012 13:04:52 - To use reCAPTCHA you must get an API key from
                <a href="https://www.google.com/recaptcha/admin/create">
                    https://www.google.com/recaptcha/admin/create
                </a>
19-12-2012 13:04:53 - 404 - not found /unexistent
19-12-2012 13:04:54 - 404 - not found /unexistent
19-12-2012 13:04:55 - To use reCAPTCHA you must get an API key from
                <a href="https://www.google.com/recaptcha/admin/create">
                    https://www.google.com/recaptcha/admin/create
                </a>
19-12-2012 13:05:02 - 404 - not found /unexistent
19-12-2012 13:05:03 - 404 - not found /unexistent
19-12-2012 13:05:04 - To use reCAPTCHA you must get an API key from
                <a href="https://www.google.com/recaptcha/admin/create">
                    https://www.google.com/recaptcha/admin/create
                </a>
19-12-2012 13:05:13 - 404 - not found /unexistent
19-12-2012 13:44:52 - 404 - not found /unexistent
19-12-2012 13:44:54 - 404 - not found /unexistent
19-12-2012 13:44:56 - To use reCAPTCHA you must get an API key from
                <a href="https://www.google.com/recaptcha/admin/create">
                    https://www.google.com/recaptcha/admin/create
                </a>
19-12-2012 15:00:32 - 404 - not found /unexistent
19-12-2012 15:00:34 - To use reCAPTCHA you must get an API key from
                <a href="https://www.google.com/recaptcha/admin/create">
                    https://www.google.com/recaptcha/admin/create
                </a>
19-12-2012 15:02:19 - 404 - not found /unexistent
20-12-2012 13:02:05 - To use reCAPTCHA you must get an API key from
                <a href="https://www.google.com/recaptcha/admin/create">
                    https://www.google.com/recaptcha/admin/create
                </a>
20-12-2012 13:06:11 - To use reCAPTCHA you must get an API key from
                <a href="https://www.google.com/recaptcha/admin/create">
                    https://www.google.com/recaptcha/admin/create
                </a>
20-12-2012 13:08:22 - 404 - not found /unexistent
20-12-2012 13:14:26 - 404 - not found /unexistent
20-12-2012 13:15:11 - 404 - not found /unexistent
20-12-2012 13:16:01 - 404 - not found /unexistent
20-12-2012 13:16:18 - 404 - not found /unexistent
20-12-2012 13:37:17 - 404 - not found /unexistent
20-12-2012 13:37:18 - 404 - not found /unexistent
20-12-2012 13:37:19 - 404 - not found /unexistent
20-12-2012 13:37:29 - 404 - not found /unexistent
20-12-2012 13:39:06 - 404 - not found /unexistent
20-12-2012 13:39:09 - 404 - not found /unexistent
20-12-2012 13:54:50 - 404 - not found /unexistent
20-12-2012 13:56:58 - 404 - not found /unexistent
20-12-2012 14:02:22 - 404 - not found /unexistent
20-12-2012 14:02:49 - 404 - not found /var/static/149de5545e09e97788ff092ac0743f8b.css
20-12-2012 14:02:49 - 404 - not found /var/static/81a480aa4c00c7ac3ba297e4f7829572.js
20-12-2012 14:02:50 - 404 - not found /var/static/149de5545e09e97788ff092ac0743f8b.css
20-12-2012 14:02:50 - 404 - not found /var/static/81a480aa4c00c7ac3ba297e4f7829572.js
20-12-2012 14:02:50 - 404 - not found /var/static/81a480aa4c00c7ac3ba297e4f7829572.js
20-12-2012 14:02:50 - 404 - not found /var/static/149de5545e09e97788ff092ac0743f8b.css
20-12-2012 14:02:50 - 404 - not found /var/static/81a480aa4c00c7ac3ba297e4f7829572.js
20-12-2012 14:02:50 - 404 - not found /var/static/149de5545e09e97788ff092ac0743f8b.css
20-12-2012 14:02:50 - 404 - not found /var/static/149de5545e09e97788ff092ac0743f8b.css
20-12-2012 14:02:50 - 404 - not found /var/static/81a480aa4c00c7ac3ba297e4f7829572.js
20-12-2012 14:02:50 - 404 - not found /var/static/81a480aa4c00c7ac3ba297e4f7829572.js
20-12-2012 14:02:50 - 404 - not found /var/static/149de5545e09e97788ff092ac0743f8b.css
20-12-2012 14:02:52 - 404 - not found /var/static/149de5545e09e97788ff092ac0743f8b.css
20-12-2012 14:02:52 - 404 - not found /var/static/81a480aa4c00c7ac3ba297e4f7829572.js
20-12-2012 14:02:53 - 404 - not found /var/static/149de5545e09e97788ff092ac0743f8b.css
20-12-2012 14:02:53 - 404 - not found /var/static/81a480aa4c00c7ac3ba297e4f7829572.js
20-12-2012 14:48:40 - 404 - not found /user1
20-12-2012 14:50:13 - 404 - not found /unexistent
20-12-2012 14:50:15 - 404 - not found /unexistent
20-12-2012 14:50:17 - 404 - not found /unexistent
20-12-2012 14:50:20 - 404 - not found /unexistent
20-12-2012 15:00:38 - 404 - not found /unexistent
20-12-2012 15:15:18 - 404 - not found /unexistent
20-12-2012 15:16:31 - 404 - not found /user3
20-12-2012 15:16:51 - 404 - not found /user3
20-12-2012 15:43:10 - 404 - not found /user6
20-12-2012 15:43:11 - 404 - not found /unexistent
20-12-2012 15:51:14 - 404 - not found /unexistent
20-12-2012 15:53:38 - 404 - not found /unexistent
20-12-2012 15:54:50 - 404 - not found /unexistent
20-12-2012 15:54:58 - 404 - not found /unexistent
20-12-2012 16:53:23 - 404 - not found /user6
