08-10-2012 13:02:23 - 404 - not found /sdf
08-10-2012 13:03:58 - 404 - not found /sdf
08-10-2012 13:04:01 - 404 - not found /sdf
08-10-2012 13:04:10 - 404 - not found /sdf
08-10-2012 23:19:59 - No route with specified mask /login.
08-10-2012 23:20:00 - No route with specified mask /login.
08-10-2012 23:20:00 - No route with specified mask /login.
08-10-2012 23:25:31 - 404 - not found /feedback
08-10-2012 23:25:32 - 404 - not found /register
08-10-2012 23:25:33 - 404 - not found /login
08-10-2012 23:25:35 - 404 - not found /login
08-10-2012 23:25:35 - 404 - not found /register
08-10-2012 23:25:36 - 404 - not found /feedback
08-10-2012 23:25:36 - 404 - not found /register
08-10-2012 23:25:37 - 404 - not found /login
08-10-2012 23:27:33 - 404 - not found /feedback
08-10-2012 23:27:34 - 404 - not found /register
08-10-2012 23:27:35 - 404 - not found /login
08-10-2012 23:27:42 - 404 - not found /login
08-10-2012 23:27:42 - 404 - not found /register
08-10-2012 23:27:43 - 404 - not found /feedback
08-10-2012 23:30:21 - 404 - not found /feedback
08-10-2012 23:30:22 - 404 - not found /login
08-10-2012 23:33:19 - 404 - not found /login
08-10-2012 23:33:20 - 404 - not found /register
08-10-2012 23:33:20 - 404 - not found /feedback
08-10-2012 23:33:27 - 404 - not found /feedback
08-10-2012 23:33:27 - 404 - not found /feedback
08-10-2012 23:33:27 - 404 - not found /feedback
08-10-2012 23:33:46 - 404 - not found /feedback
08-10-2012 23:33:47 - 404 - not found /feedback
08-10-2012 23:33:47 - 404 - not found /feedback
08-10-2012 23:34:08 - 404 - not found /feedback
08-10-2012 23:34:09 - 404 - not found /feedback
08-10-2012 23:34:09 - 404 - not found /feedback
08-10-2012 23:34:10 - 404 - not found /login
08-10-2012 23:34:11 - 404 - not found /register
08-10-2012 23:34:12 - 404 - not found /feedback
08-10-2012 23:34:39 - 404 - not found /login
08-10-2012 23:34:39 - 404 - not found /register
08-10-2012 23:34:40 - 404 - not found /register
08-10-2012 23:34:40 - 404 - not found /feedback
08-10-2012 23:34:42 - 404 - not found /feedback
08-10-2012 23:34:44 - 404 - not found /login
08-10-2012 23:34:45 - 404 - not found /register
08-10-2012 23:34:46 - 404 - not found /feedback
08-10-2012 23:34:48 - 404 - not found /feedback
08-10-2012 23:34:51 - 404 - not found /register
08-10-2012 23:37:05 - 404 - not found /register
08-10-2012 23:37:06 - 404 - not found /login
08-10-2012 23:37:06 - 404 - not found /feedback
08-10-2012 23:37:07 - 404 - not found /login
08-10-2012 23:40:08 - 404 - not found /feedback
08-10-2012 23:40:08 - 404 - not found /register
08-10-2012 23:40:09 - 404 - not found /login
08-10-2012 23:40:42 - 404 - not found /login
08-10-2012 23:40:43 - 404 - not found /register
08-10-2012 23:40:43 - 404 - not found /feedback
08-10-2012 23:41:02 - 404 - not found /login
08-10-2012 23:41:03 - 404 - not found /register
08-10-2012 23:41:04 - 404 - not found /feedback
08-10-2012 23:41:06 - 404 - not found /login
08-10-2012 23:41:06 - 404 - not found /register
08-10-2012 23:51:19 - 404 - not found /register
08-10-2012 23:51:20 - 404 - not found /feedback
08-10-2012 23:51:20 - 404 - not found /register
08-10-2012 23:51:21 - 404 - not found /login
08-10-2012 23:51:46 - 404 - not found /unexistent
08-10-2012 23:51:47 - 404 - not found /feedback
08-10-2012 23:51:48 - 404 - not found /unexistent
08-10-2012 23:51:48 - 404 - not found /feedback
08-10-2012 23:51:48 - 404 - not found /register
08-10-2012 23:51:49 - 404 - not found /login
08-10-2012 23:51:51 - 404 - not found /login
08-10-2012 23:51:51 - 404 - not found /register
08-10-2012 23:52:03 - 404 - not found /register
08-10-2012 23:52:27 - 404 - not found /login
08-10-2012 23:52:28 - 404 - not found /register
08-10-2012 23:52:28 - 404 - not found /feedback
08-10-2012 23:52:29 - 404 - not found /unexistent
08-10-2012 23:56:48 - 404 - not found /login
08-10-2012 23:56:49 - 404 - not found /register
08-10-2012 23:56:50 - 404 - not found /feedback
08-10-2012 23:56:50 - 404 - not found /unexistent
08-10-2012 23:57:06 - 404 - not found /login
08-10-2012 23:57:07 - 404 - not found /register
08-10-2012 23:57:08 - 404 - not found /feedback
08-10-2012 23:57:08 - 404 - not found /unexistent
08-10-2012 23:57:09 - 404 - not found /register
08-10-2012 23:57:37 - 404 - not found /login
08-10-2012 23:57:38 - 404 - not found /register
08-10-2012 23:57:38 - 404 - not found /feedback
08-10-2012 23:57:39 - 404 - not found /unexistent
08-10-2012 23:57:41 - 404 - not found /login
08-10-2012 23:57:42 - 404 - not found /register
08-10-2012 23:57:42 - 404 - not found /feedback
08-10-2012 23:57:43 - 404 - not found /unexistent
08-10-2012 23:57:43 - 404 - not found /feedback
08-10-2012 23:57:44 - 404 - not found /register
08-10-2012 23:57:44 - 404 - not found /login
08-10-2012 23:57:45 - 404 - not found /login
08-10-2012 23:57:46 - 404 - not found /register
08-10-2012 23:57:47 - 404 - not found /feedback
08-10-2012 23:57:47 - 404 - not found /unexistent
08-10-2012 23:58:42 - 404 - not found /feedback
08-10-2012 23:58:43 - 404 - not found /unexistent
08-10-2012 23:58:43 - 404 - not found /register
09-10-2012 00:03:12 - 404 - not found /unexistent
09-10-2012 00:03:13 - 404 - not found /feedback
09-10-2012 00:03:13 - 404 - not found /register
09-10-2012 00:03:14 - 404 - not found /login
09-10-2012 00:03:21 - 404 - not found /login
09-10-2012 00:03:22 - 404 - not found /register
09-10-2012 00:03:22 - 404 - not found /feedback
09-10-2012 00:03:23 - 404 - not found /unexistent
09-10-2012 00:03:23 - 404 - not found /login
09-10-2012 00:07:23 - 404 - not found /login
09-10-2012 00:07:25 - 404 - not found /register
09-10-2012 00:07:26 - 404 - not found /feedback
09-10-2012 00:07:26 - 404 - not found /unexistent
09-10-2012 00:07:27 - 404 - not found /login
09-10-2012 00:08:35 - 404 - not found /feedback
09-10-2012 00:08:35 - 404 - not found /register
09-10-2012 00:08:37 - 404 - not found /login
09-10-2012 00:08:37 - 404 - not found /register
09-10-2012 00:08:38 - 404 - not found /feedback
09-10-2012 00:08:38 - 404 - not found /unexistent
09-10-2012 00:08:59 - 404 - not found /login
09-10-2012 00:09:00 - 404 - not found /register
09-10-2012 00:09:00 - 404 - not found /feedback
09-10-2012 00:09:01 - 404 - not found /unexistent
09-10-2012 00:09:02 - 404 - not found /login
09-10-2012 00:09:14 - 404 - not found /login
09-10-2012 00:09:15 - 404 - not found /login
09-10-2012 00:09:15 - 404 - not found /login
09-10-2012 00:09:17 - 404 - not found /login
09-10-2012 00:09:17 - 404 - not found /register
09-10-2012 00:09:17 - 404 - not found /feedback
09-10-2012 00:11:05 - 404 - not found /feedback
09-10-2012 00:11:06 - 404 - not found /unexistent
09-10-2012 00:11:20 - 404 - not found /login
09-10-2012 00:11:21 - 404 - not found /register
09-10-2012 00:11:21 - 404 - not found /feedback
09-10-2012 00:11:23 - 404 - not found /unexistent
09-10-2012 00:11:23 - 404 - not found /feedback
09-10-2012 00:11:24 - 404 - not found /register
09-10-2012 00:11:24 - 404 - not found /login
09-10-2012 00:11:27 - 404 - not found /unexistent
09-10-2012 00:11:27 - 404 - not found /feedback
09-10-2012 00:11:28 - 404 - not found /login
09-10-2012 00:12:47 - 404 - not found /unexistent
09-10-2012 00:12:51 - 404 - not found /unexistent
09-10-2012 00:13:15 - 404 - not found /unexistent
09-10-2012 00:13:16 - 404 - not found /feedback
09-10-2012 00:13:17 - 404 - not found /register
09-10-2012 00:13:18 - 404 - not found /login
09-10-2012 00:13:20 - 404 - not found /register
09-10-2012 00:13:20 - 404 - not found /login
09-10-2012 00:13:24 - 404 - not found /feedback
09-10-2012 00:13:24 - 404 - not found /register
09-10-2012 00:13:25 - 404 - not found /login
09-10-2012 00:13:25 - 404 - not found /unexistent
09-10-2012 00:13:28 - 404 - not found /register
09-10-2012 00:13:28 - 404 - not found /feedback
09-10-2012 00:14:04 - 404 - not found /register
09-10-2012 00:14:05 - 404 - not found /login
09-10-2012 00:15:25 - 404 - not found /login
09-10-2012 00:15:25 - 404 - not found /register
09-10-2012 00:15:26 - 404 - not found /feedback
09-10-2012 00:15:26 - 404 - not found /unexistent
09-10-2012 00:16:09 - 404 - not found /login
09-10-2012 00:16:10 - 404 - not found /register
09-10-2012 00:16:10 - 404 - not found /feedback
09-10-2012 00:16:11 - 404 - not found /unexistent
09-10-2012 00:21:40 - 404 - not found /login
09-10-2012 00:21:41 - 404 - not found /register
09-10-2012 00:21:41 - 404 - not found /feedback
09-10-2012 00:21:42 - 404 - not found /feedback
09-10-2012 00:21:42 - 404 - not found /unexistent
09-10-2012 00:40:39 - 404 - not found /login
09-10-2012 00:40:40 - 404 - not found /register
09-10-2012 00:41:33 - 404 - not found /register
09-10-2012 00:41:33 - 404 - not found /register
09-10-2012 00:41:40 - 404 - not found /login
09-10-2012 00:42:30 - 404 - not found /login
09-10-2012 00:42:31 - 404 - not found /register
09-10-2012 00:42:31 - 404 - not found /feedback
09-10-2012 00:42:31 - 404 - not found /unexistent
09-10-2012 00:42:33 - 404 - not found /login
09-10-2012 10:09:46 - 404 - not found /login
09-10-2012 10:09:47 - 404 - not found /register
09-10-2012 10:09:47 - 404 - not found /feedback
09-10-2012 10:09:48 - 404 - not found /unexistent
09-10-2012 10:09:49 - 404 - not found /unexistent
09-10-2012 10:09:50 - 404 - not found /feedback
09-10-2012 10:09:51 - 404 - not found /register
09-10-2012 10:09:51 - 404 - not found /login
09-10-2012 13:33:28 - 404 - not found /login
09-10-2012 13:33:29 - 404 - not found /register
09-10-2012 13:33:29 - 404 - not found /feedback
09-10-2012 13:57:12 - 404 - not found /login
09-10-2012 13:57:12 - 404 - not found /register
09-10-2012 13:57:13 - 404 - not found /feedback
09-10-2012 14:00:20 - 404 - not found /feedback
09-10-2012 14:00:21 - 404 - not found /register
09-10-2012 14:00:21 - 404 - not found /login
09-10-2012 15:40:53 - 404 - not found /login
09-10-2012 15:40:54 - 404 - not found /register
09-10-2012 15:40:54 - 404 - not found /feedback
09-10-2012 15:40:55 - 404 - not found /unexistent
09-10-2012 15:44:28 - 404 - not found /login
09-10-2012 15:44:29 - 404 - not found /register
09-10-2012 15:44:29 - 404 - not found /feedback
09-10-2012 15:44:30 - 404 - not found /unexistent
09-10-2012 15:47:25 - 404 - not found /login
09-10-2012 15:47:28 - 404 - not found /login
09-10-2012 15:47:31 - 404 - not found /login
09-10-2012 15:47:31 - 404 - not found /register
09-10-2012 15:47:32 - 404 - not found /feedback
09-10-2012 15:47:32 - 404 - not found /unexistent
09-10-2012 15:47:58 - 404 - not found /login
09-10-2012 15:47:58 - 404 - not found /register
09-10-2012 15:47:59 - 404 - not found /feedback
09-10-2012 15:47:59 - 404 - not found /unexistent
09-10-2012 15:48:01 - 404 - not found /login
09-10-2012 15:48:01 - 404 - not found /register
09-10-2012 15:48:02 - 404 - not found /feedback
09-10-2012 15:48:02 - 404 - not found /unexistent
09-10-2012 15:48:03 - 404 - not found /register
09-10-2012 15:48:04 - 404 - not found /register
09-10-2012 15:48:04 - 404 - not found /login
09-10-2012 15:48:05 - 404 - not found /feedback
09-10-2012 15:48:05 - 404 - not found /unexistent
09-10-2012 15:49:04 - 404 - not found /login
09-10-2012 15:49:04 - 404 - not found /register
09-10-2012 15:49:05 - 404 - not found /feedback
09-10-2012 15:49:05 - 404 - not found /unexistent
09-10-2012 15:49:06 - 404 - not found /login
09-10-2012 15:49:07 - 404 - not found /register
09-10-2012 15:49:07 - 404 - not found /unexistent
09-10-2012 15:53:07 - 404 - not found /login
09-10-2012 15:53:07 - 404 - not found /register
09-10-2012 15:53:09 - 404 - not found /register
09-10-2012 15:53:30 - 404 - not found /login
09-10-2012 15:53:30 - 404 - not found /register
09-10-2012 15:53:30 - 404 - not found /feedback
09-10-2012 15:53:31 - 404 - not found /unexistent
09-10-2012 15:53:33 - 404 - not found /login
09-10-2012 15:56:07 - 404 - not found /login
09-10-2012 15:56:08 - 404 - not found /login
09-10-2012 15:56:08 - 404 - not found /login
09-10-2012 15:56:08 - 404 - not found /login
09-10-2012 16:02:44 - 404 - not found /login_user
09-10-2012 16:03:11 - 404 - not found /login_user
09-10-2012 16:03:21 - 404 - not found /register
09-10-2012 16:03:22 - 404 - not found /feedback
09-10-2012 16:03:22 - 404 - not found /unexistent
09-10-2012 16:03:49 - 404 - not found /login_user
09-10-2012 16:03:52 - 404 - not found /login_user
09-10-2012 16:04:58 - 404 - not found /register
09-10-2012 16:05:00 - 404 - not found /register
09-10-2012 16:05:00 - 404 - not found /feedback
09-10-2012 16:05:01 - 404 - not found /register
09-10-2012 16:05:28 - 404 - not found /register
09-10-2012 17:54:26 - 404 - not found /register
09-10-2012 18:29:11 - 404 - not found /register
09-10-2012 18:29:11 - 404 - not found /feedback
09-10-2012 18:29:12 - 404 - not found /unexistent
09-10-2012 19:16:29 - 404 - not found /register
09-10-2012 19:17:08 - 404 - not found /register
09-10-2012 19:17:09 - 404 - not found /feedback
09-10-2012 19:17:09 - 404 - not found /register
09-10-2012 19:17:57 - 404 - not found /register
09-10-2012 19:17:58 - 404 - not found /feedback
09-10-2012 19:18:09 - 404 - not found /register
09-10-2012 19:25:20 - 404 - not found /feedback
09-10-2012 19:25:20 - 404 - not found /register
09-10-2012 19:25:23 - 404 - not found /feedback
09-10-2012 19:25:24 - 404 - not found /unexistent
09-10-2012 19:25:47 - 404 - not found /unexistent
09-10-2012 19:25:48 - 404 - not found /feedback
09-10-2012 19:25:49 - 404 - not found /register
09-10-2012 19:25:53 - 404 - not found /register
09-10-2012 19:27:06 - 404 - not found /register
09-10-2012 19:27:06 - 404 - not found /feedback
09-10-2012 19:27:07 - 404 - not found /unexistent
09-10-2012 19:27:09 - 404 - not found /feedback
09-10-2012 19:27:09 - 404 - not found /register
09-10-2012 19:32:20 - 404 - not found /register
09-10-2012 19:32:21 - 404 - not found /feedback
09-10-2012 19:32:22 - 404 - not found /register
09-10-2012 19:32:45 - 404 - not found /regiter
09-10-2012 19:33:22 - 404 - not found /feedback
09-10-2012 19:33:26 - 404 - not found /unexistent
09-10-2012 19:37:34 - 404 - not found /feedback
09-10-2012 19:37:34 - 404 - not found /unexistent
09-10-2012 19:37:54 - 404 - not found /feedback
09-10-2012 19:37:55 - 404 - not found /unexistent
09-10-2012 19:39:10 - 404 - not found /feedback
09-10-2012 19:39:10 - 404 - not found /unexistent
09-10-2012 19:39:37 - 404 - not found /unexistent
09-10-2012 19:40:38 - 404 - not found /unexistent
09-10-2012 19:40:39 - 404 - not found /unexistent
09-10-2012 19:40:39 - 404 - not found /feedback
09-10-2012 19:40:41 - 404 - not found /feedback
09-10-2012 19:40:43 - 404 - not found /unexistent
09-10-2012 19:40:43 - 404 - not found /feedback
09-10-2012 19:41:04 - 404 - not found /unexistent
09-10-2012 19:41:21 - 404 - not found /unexistent
09-10-2012 19:41:22 - 404 - not found /unexistent
09-10-2012 19:41:41 - 404 - not found /unexistent
09-10-2012 19:41:41 - 404 - not found /unexistent
09-10-2012 19:45:48 - 404 - not found /unexistent
09-10-2012 19:45:50 - 404 - not found /unexistent
09-10-2012 21:32:01 - 404 - not found /unexistent
09-10-2012 21:32:29 - 404 - not found /unexistent
09-10-2012 21:32:30 - 404 - not found /unexistent
09-10-2012 21:32:32 - 404 - not found /unexistent
09-10-2012 21:32:58 - 404 - not found /unexistent
09-10-2012 21:36:25 - 404 - not found /unexistent
09-10-2012 21:36:27 - 404 - not found /unexistent
09-10-2012 21:41:09 - 404 - not found /unexistent
09-10-2012 21:41:11 - 404 - not found /unexistent
09-10-2012 22:13:41 - 404 - not found /unexistent
20-10-2012 16:26:29 - 404 - not found /unexistent
20-10-2012 16:26:43 - 404 - not found /unexistent
20-10-2012 16:26:44 - 404 - not found /unexistent
20-10-2012 17:24:54 - 404 - not found /unexistent
20-10-2012 17:43:39 - 404 - not found /unexistent
20-10-2012 17:43:40 - 404 - not found /unexistent
20-10-2012 17:43:41 - 404 - not found /unexistent
20-10-2012 17:43:45 - 404 - not found /unexistent
20-10-2012 17:43:50 - 404 - not found /unexistent
03-11-2012 11:53:51 - 404 - not found /modules/Core/static/css/bootstrap.css
03-11-2012 11:53:52 - 404 - not found /modules/Core/static/css/core.css
03-11-2012 11:53:52 - 404 - not found /modules/Core/static/js/jquery-1.8.0.min.js
03-11-2012 11:53:52 - 404 - not found /modules/Core/static/js/bootstrap.js
03-11-2012 11:53:52 - 404 - not found /modules/Core/static/css/bootstrap.css
03-11-2012 11:53:52 - 404 - not found /modules/Core/static/css/core.css
03-11-2012 11:53:52 - 404 - not found /modules/Core/static/js/jquery-1.8.0.min.js
03-11-2012 11:53:52 - 404 - not found /modules/Core/static/js/bootstrap.js
03-11-2012 11:53:52 - 404 - not found /modules/Core/static/css/bootstrap.css
03-11-2012 11:53:52 - 404 - not found /modules/Core/static/css/core.css
03-11-2012 11:53:52 - 404 - not found /modules/Core/static/js/jquery-1.8.0.min.js
03-11-2012 11:53:52 - 404 - not found /modules/Core/static/js/bootstrap.js
03-11-2012 11:53:53 - 404 - not found /modules/Core/static/css/bootstrap.css
03-11-2012 11:53:53 - 404 - not found /modules/Core/static/css/core.css
03-11-2012 11:53:53 - 404 - not found /modules/Core/static/js/jquery-1.8.0.min.js
03-11-2012 11:53:53 - 404 - not found /modules/Core/static/js/bootstrap.js
03-11-2012 11:53:53 - 404 - not found /modules/Core/static/css/bootstrap.css
03-11-2012 11:53:53 - 404 - not found /modules/Core/static/css/core.css
03-11-2012 11:53:53 - 404 - not found /modules/Core/static/js/jquery-1.8.0.min.js
03-11-2012 11:53:53 - 404 - not found /modules/Core/static/js/bootstrap.js
03-11-2012 11:53:53 - 404 - not found /modules/Core/static/css/bootstrap.css
03-11-2012 11:53:53 - 404 - not found /modules/Core/static/css/core.css
03-11-2012 11:53:53 - 404 - not found /modules/Core/static/js/jquery-1.8.0.min.js
03-11-2012 11:53:53 - 404 - not found /modules/Core/static/js/bootstrap.js
03-11-2012 11:53:53 - 404 - not found /modules/Core/static/css/bootstrap.css
03-11-2012 11:53:53 - 404 - not found /modules/Core/static/css/core.css
03-11-2012 11:53:53 - 404 - not found /modules/Core/static/js/bootstrap.js
03-11-2012 11:53:53 - 404 - not found /modules/Core/static/js/jquery-1.8.0.min.js
03-11-2012 11:53:54 - 404 - not found /modules/Core/static/css/bootstrap.css
03-11-2012 11:53:54 - 404 - not found /modules/Core/static/css/core.css
03-11-2012 11:53:54 - 404 - not found /modules/Core/static/js/jquery-1.8.0.min.js
03-11-2012 11:53:54 - 404 - not found /modules/Core/static/js/bootstrap.js
03-11-2012 11:54:07 - 404 - not found /unexistent
03-11-2012 11:54:13 - 404 - not found /unexistent
03-11-2012 11:57:08 - 404 - not found /login
03-11-2012 11:57:09 - 404 - not found /login
03-11-2012 11:57:09 - 404 - not found /login
03-11-2012 11:57:11 - 404 - not found /login
03-11-2012 11:57:12 - 404 - not found /login
03-11-2012 12:49:10 - 404 - not found /unexistent
03-11-2012 12:49:14 - 404 - not found /unexistent
03-11-2012 12:49:15 - 404 - not found /unexistent
